Added Component: Designator=BT1(TECO-120591-1-2_V)
Added Component: Designator=C1(CAPC1608N)
Added Component: Designator=C2(CAPC3216N)
Added Component: Designator=C3(CAPC1608N)
Added Component: Designator=C4(CAPC1608N)
Added Component: Designator=C5(CAPC1608N)
Added Component: Designator=C6(CAPC1608N)
Added Component: Designator=C7(CAPC1608N)
Added Component: Designator=C8(CAPC1608N)
Added Component: Designator=C9(CAPC1608N)
Added Component: Designator=C10(CAPC1608N)
Added Component: Designator=C11(CAPC1608N)
Added Component: Designator=C12(CAPC1608N)
Added Component: Designator=C13(CAPC1608N)
Added Component: Designator=C14(CAPC1608N)
Added Component: Designator=C15(CAPC1608N)
Added Component: Designator=C16(CAPC1608N)
Added Component: Designator=CON1(918510X324)
Added Component: Designator=CON2(MX-5268-03)
Added Component: Designator=D1(SURGX-0603)
Added Component: Designator=D2(SURGX-0603)
Added Component: Designator=D3(LED 5mm Single Green)
Added Component: Designator=D4(LED 5mm Single Yellow)
Added Component: Designator=D5(LED 5mm Single)
Added Component: Designator=F1(SR050)
Added Component: Designator=J1(MOLX-67503-1020_V)
Added Component: Designator=J2(KLD-0202)
Added Component: Designator=LCD1(hd44780)
Added Component: Designator=R1(RESC1608N)
Added Component: Designator=R2(RESC1608N)
Added Component: Designator=R3(RESC3216N)
Added Component: Designator=R4(RESC1608N)
Added Component: Designator=R5(RESC1608N)
Added Component: Designator=R6(RESC1608N)
Added Component: Designator=R7(RESC1608N)
Added Component: Designator=R8(RESC1608N)
Added Component: Designator=R9(RESC1608N)
Added Component: Designator=R10(RESC1608N)
Added Component: Designator=R11(RESC1608N)
Added Component: Designator=R12(RESC1608N)
Added Component: Designator=SW1(FSM2J)
Added Component: Designator=SW2(FSM2J)
Added Component: Designator=SW3(FSM2J)
Added Component: Designator=U1(44ML_M)
Added Component: Designator=U2(MAXM-S8-2_N)
Added Component: Designator=U3(S8+2_N)
Added Component: Designator=Y1(HC-49U)
Added Component: Designator=Y2(HC-49U)
Added Pin To Net: NetName=#RST Pin=CON1-6
Added Pin To Net: NetName=#RST Pin=R4-1
Added Pin To Net: NetName=#RST Pin=U1-13
Added Net: Name=#RST
Added Pin To Net: NetName=1WIRE Pin=CON2-2
Added Pin To Net: NetName=1WIRE Pin=R5-2
Added Pin To Net: NetName=1WIRE Pin=U1-40
Added Pin To Net: NetName=1WIRE Pin=U2-4
Added Net: Name=1WIRE
Added Pin To Net: NetName=5V Pin=C1-1
Added Pin To Net: NetName=5V Pin=C7-2
Added Pin To Net: NetName=5V Pin=C8-2
Added Pin To Net: NetName=5V Pin=C9-2
Added Pin To Net: NetName=5V Pin=C10-2
Added Pin To Net: NetName=5V Pin=C11-2
Added Pin To Net: NetName=5V Pin=C16-2
Added Pin To Net: NetName=5V Pin=CON1-4
Added Pin To Net: NetName=5V Pin=CON2-1
Added Pin To Net: NetName=5V Pin=J2-1
Added Pin To Net: NetName=5V Pin=LCD1-2
Added Pin To Net: NetName=5V Pin=LCD1-3
Added Pin To Net: NetName=5V Pin=LCD1-15
Added Pin To Net: NetName=5V Pin=R4-2
Added Pin To Net: NetName=5V Pin=R6-1
Added Pin To Net: NetName=5V Pin=R7-1
Added Pin To Net: NetName=5V Pin=R8-1
Added Pin To Net: NetName=5V Pin=R9-2
Added Pin To Net: NetName=5V Pin=R10-2
Added Pin To Net: NetName=5V Pin=R11-2
Added Pin To Net: NetName=5V Pin=U1-2
Added Pin To Net: NetName=5V Pin=U1-14
Added Pin To Net: NetName=5V Pin=U1-24
Added Pin To Net: NetName=5V Pin=U1-34
Added Pin To Net: NetName=5V Pin=U1-42
Added Pin To Net: NetName=5V Pin=U1-44
Added Pin To Net: NetName=5V Pin=U3-8
Added Net: Name=5V
Added Pin To Net: NetName=BTN1 Pin=C13-2
Added Pin To Net: NetName=BTN1 Pin=R6-2
Added Pin To Net: NetName=BTN1 Pin=SW1-2
Added Pin To Net: NetName=BTN1 Pin=SW1-2
Added Pin To Net: NetName=BTN1 Pin=U1-20
Added Net: Name=BTN1
Added Pin To Net: NetName=BTN2 Pin=C14-2
Added Pin To Net: NetName=BTN2 Pin=R7-2
Added Pin To Net: NetName=BTN2 Pin=SW2-2
Added Pin To Net: NetName=BTN2 Pin=SW2-2
Added Pin To Net: NetName=BTN2 Pin=U1-21
Added Net: Name=BTN2
Added Pin To Net: NetName=BTN3 Pin=C15-2
Added Pin To Net: NetName=BTN3 Pin=R8-2
Added Pin To Net: NetName=BTN3 Pin=SW3-2
Added Pin To Net: NetName=BTN3 Pin=SW3-2
Added Pin To Net: NetName=BTN3 Pin=U1-1
Added Net: Name=BTN3
Added Pin To Net: NetName=GND Pin=BT1-2
Added Pin To Net: NetName=GND Pin=C1-2
Added Pin To Net: NetName=GND Pin=C2-1
Added Pin To Net: NetName=GND Pin=C4-1
Added Pin To Net: NetName=GND Pin=C5-1
Added Pin To Net: NetName=GND Pin=C6-1
Added Pin To Net: NetName=GND Pin=C7-1
Added Pin To Net: NetName=GND Pin=C8-1
Added Pin To Net: NetName=GND Pin=C9-1
Added Pin To Net: NetName=GND Pin=C10-1
Added Pin To Net: NetName=GND Pin=C11-1
Added Pin To Net: NetName=GND Pin=C12-1
Added Pin To Net: NetName=GND Pin=C13-1
Added Pin To Net: NetName=GND Pin=C14-1
Added Pin To Net: NetName=GND Pin=C15-1
Added Pin To Net: NetName=GND Pin=C16-1
Added Pin To Net: NetName=GND Pin=CON1-2
Added Pin To Net: NetName=GND Pin=CON1-10
Added Pin To Net: NetName=GND Pin=CON2-3
Added Pin To Net: NetName=GND Pin=D1-1
Added Pin To Net: NetName=GND Pin=D2-1
Added Pin To Net: NetName=GND Pin=F1-1
Added Pin To Net: NetName=GND Pin=J2-2
Added Pin To Net: NetName=GND Pin=J2-3
Added Pin To Net: NetName=GND Pin=LCD1-1
Added Pin To Net: NetName=GND Pin=R3-1
Added Pin To Net: NetName=GND Pin=R12-1
Added Pin To Net: NetName=GND Pin=SW1-1
Added Pin To Net: NetName=GND Pin=SW1-1
Added Pin To Net: NetName=GND Pin=SW2-1
Added Pin To Net: NetName=GND Pin=SW2-1
Added Pin To Net: NetName=GND Pin=SW3-1
Added Pin To Net: NetName=GND Pin=SW3-1
Added Pin To Net: NetName=GND Pin=U1-15
Added Pin To Net: NetName=GND Pin=U1-23
Added Pin To Net: NetName=GND Pin=U1-35
Added Pin To Net: NetName=GND Pin=U1-43
Added Pin To Net: NetName=GND Pin=U2-5
Added Pin To Net: NetName=GND Pin=U3-4
Added Net: Name=GND
Added Pin To Net: NetName=L_LED Pin=D5-2
Added Pin To Net: NetName=L_LED Pin=U1-32
Added Net: Name=L_LED
Added Pin To Net: NetName=LCD_D4 Pin=LCD1-11
Added Pin To Net: NetName=LCD_D4 Pin=U1-28
Added Net: Name=LCD_D4
Added Pin To Net: NetName=LCD_D5 Pin=LCD1-12
Added Pin To Net: NetName=LCD_D5 Pin=U1-29
Added Net: Name=LCD_D5
Added Pin To Net: NetName=LCD_D6 Pin=LCD1-13
Added Pin To Net: NetName=LCD_D6 Pin=U1-30
Added Net: Name=LCD_D6
Added Pin To Net: NetName=LCD_D7 Pin=LCD1-14
Added Pin To Net: NetName=LCD_D7 Pin=U1-12
Added Net: Name=LCD_D7
Added Pin To Net: NetName=LCD_EN Pin=LCD1-6
Added Pin To Net: NetName=LCD_EN Pin=U1-25
Added Net: Name=LCD_EN
Added Pin To Net: NetName=LCD_RS Pin=LCD1-4
Added Pin To Net: NetName=LCD_RS Pin=U1-27
Added Net: Name=LCD_RS
Added Pin To Net: NetName=LCD_RW Pin=LCD1-5
Added Pin To Net: NetName=LCD_RW Pin=U1-26
Added Net: Name=LCD_RW
Added Pin To Net: NetName=NetC3_2 Pin=C3-2
Added Pin To Net: NetName=NetC3_2 Pin=U1-6
Added Net: Name=NetC3_2
Added Pin To Net: NetName=NetC4_2 Pin=C4-2
Added Pin To Net: NetName=NetC4_2 Pin=R5-1
Added Pin To Net: NetName=NetC4_2 Pin=U2-3
Added Net: Name=NetC4_2
Added Pin To Net: NetName=NetC5_2 Pin=C5-2
Added Pin To Net: NetName=NetC5_2 Pin=U1-16
Added Pin To Net: NetName=NetC5_2 Pin=Y1-2
Added Net: Name=NetC5_2
Added Pin To Net: NetName=NetC6_2 Pin=C6-2
Added Pin To Net: NetName=NetC6_2 Pin=U1-17
Added Pin To Net: NetName=NetC6_2 Pin=Y1-1
Added Net: Name=NetC6_2
Added Pin To Net: NetName=NetD1_2 Pin=D1-2
Added Pin To Net: NetName=NetD1_2 Pin=J1-2
Added Pin To Net: NetName=NetD1_2 Pin=R1-1
Added Net: Name=NetD1_2
Added Pin To Net: NetName=NetD2_2 Pin=D2-2
Added Pin To Net: NetName=NetD2_2 Pin=J1-3
Added Pin To Net: NetName=NetD2_2 Pin=R2-1
Added Net: Name=NetD2_2
Added Pin To Net: NetName=NetD3_1 Pin=D3-1
Added Pin To Net: NetName=NetD3_1 Pin=R9-1
Added Net: Name=NetD3_1
Added Pin To Net: NetName=NetD4_1 Pin=D4-1
Added Pin To Net: NetName=NetD4_1 Pin=R10-1
Added Net: Name=NetD4_1
Added Pin To Net: NetName=NetD5_1 Pin=D5-1
Added Pin To Net: NetName=NetD5_1 Pin=R11-1
Added Net: Name=NetD5_1
Added Pin To Net: NetName=NetLCD1_16 Pin=LCD1-16
Added Pin To Net: NetName=NetLCD1_16 Pin=R12-2
Added Net: Name=NetLCD1_16
Added Pin To Net: NetName=NetR1_2 Pin=R1-2
Added Pin To Net: NetName=NetR1_2 Pin=U1-3
Added Net: Name=NetR1_2
Added Pin To Net: NetName=NetR2_2 Pin=R2-2
Added Pin To Net: NetName=NetR2_2 Pin=U1-4
Added Net: Name=NetR2_2
Added Pin To Net: NetName=NetU3_1 Pin=U3-1
Added Pin To Net: NetName=NetU3_1 Pin=Y2-1
Added Net: Name=NetU3_1
Added Pin To Net: NetName=NetU3_2 Pin=U3-2
Added Pin To Net: NetName=NetU3_2 Pin=Y2-2
Added Net: Name=NetU3_2
Added Pin To Net: NetName=RX_LED Pin=D4-2
Added Pin To Net: NetName=RX_LED Pin=U1-8
Added Net: Name=RX_LED
Added Pin To Net: NetName=SCL Pin=U1-18
Added Pin To Net: NetName=SCL Pin=U3-6
Added Net: Name=SCL
Added Pin To Net: NetName=SDA Pin=U1-19
Added Pin To Net: NetName=SDA Pin=U3-5
Added Net: Name=SDA
Added Pin To Net: NetName=SHIELD Pin=C2-2
Added Pin To Net: NetName=SHIELD Pin=J1-6
Added Pin To Net: NetName=SHIELD Pin=J1-7
Added Pin To Net: NetName=SHIELD Pin=J1-8
Added Pin To Net: NetName=SHIELD Pin=J1-9
Added Pin To Net: NetName=SHIELD Pin=R3-2
Added Net: Name=SHIELD
Added Pin To Net: NetName=TCK Pin=CON1-1
Added Pin To Net: NetName=TCK Pin=U1-39
Added Net: Name=TCK
Added Pin To Net: NetName=TDI Pin=CON1-9
Added Pin To Net: NetName=TDI Pin=U1-36
Added Net: Name=TDI
Added Pin To Net: NetName=TDO Pin=CON1-3
Added Pin To Net: NetName=TDO Pin=U1-37
Added Net: Name=TDO
Added Pin To Net: NetName=TMS Pin=CON1-5
Added Pin To Net: NetName=TMS Pin=U1-38
Added Net: Name=TMS
Added Pin To Net: NetName=TX_LED Pin=D3-2
Added Pin To Net: NetName=TX_LED Pin=U1-22
Added Net: Name=TX_LED
Added Pin To Net: NetName=UGND Pin=C3-1
Added Pin To Net: NetName=UGND Pin=F1-2
Added Pin To Net: NetName=UGND Pin=J1-5
Added Pin To Net: NetName=UGND Pin=U1-5
Added Net: Name=UGND
Added Pin To Net: NetName=VBAT Pin=BT1-1
Added Pin To Net: NetName=VBAT Pin=U3-3
Added Net: Name=VBAT
Added Pin To Net: NetName=VUSB Pin=C12-2
Added Pin To Net: NetName=VUSB Pin=J1-1
Added Pin To Net: NetName=VUSB Pin=U1-7
Added Net: Name=VUSB
Added Class: Name=schemat
